[2025-05-09 11:53:01,138] [app.CapabilityManager.INFO] INFO - Calling putCapability(<module.CapabilityManager.CapabilityManager object at 0xffffa82ac320>, 131, 1, 1, 1)
[2025-05-09 11:53:01,138] [app.pub2obu.INFO] INFO - [pub2obu_loop] 发送消息: {'V': 0, 'RT': 0, 'Message Type': 3, 'Length': 0, 'SourceID': '', 'DestID': None, 'OP': 0, 'Topic': 'comm', 'Payload': '000E000400000001000F0020415141414141414141414143414141414141414141414D414141414141414141000600040000000B', 'PayloadType': 2, 'PayloadLength': 104, 'EncodeMode': 1, 'SourceId': 'ooo', 'DestId': ''}
[2025-05-09 11:53:01,138] [app.CapabilityManager.INFO] INFO - Adding capability (131, 1, 1, 1)
[2025-05-09 11:53:01,139] [app.CapabilityManager.INFO] INFO - putCapability returned True
[2025-05-09 11:53:01,139] [app.core_app.INFO] INFO - core_sub2app: appReg 发送响应: {'tid': 2, 'result': 1}
[2025-05-09 11:53:29,849] [app.core_app.INFO] INFO - [core_sub2app] 收到已解析消息 (count 14), mid: 11
[2025-05-09 11:53:29,849] [app.core_app.INFO] INFO - core_sub2app: 处理 boardCastPub
[2025-05-09 11:53:29,849] [app.core_app.INFO] INFO - core_sub2app: boardCastPub, topic 'comm', 放入 pub2obu_queue
[2025-05-09 11:53:29,850] [app.pub2obu.INFO] INFO - [pub2obu_loop] 发送消息: {'V': 0, 'RT': 0, 'Message Type': 3, 'Length': 0, 'SourceID': '', 'DestID': None, 'OP': 0, 'Topic': 'comm', 'Payload': '000E000400000001000F0020415141414141414141414143414141414141414141414D414141414141414141000600040000000B', 'PayloadType': 2, 'PayloadLength': 104, 'EncodeMode': 1, 'SourceId': 'ooo', 'DestId': ''}
[2025-05-09 11:53:29,850] [app.core_app.INFO] INFO - [core_sub2app] 收到已解析消息 (count 15), mid: 1
[2025-05-09 11:53:29,850] [app.core_app.INFO] INFO - core_sub2app: 处理 appReg from appid: 131
[2025-05-09 11:53:29,851] [app.CapabilityManager.INFO] INFO - Calling putCapability(<module.CapabilityManager.CapabilityManager object at 0xffffa82ac320>, 131, 1, 1, 1)
[2025-05-09 11:53:29,851] [app.CapabilityManager.INFO] INFO - Adding capability (131, 1, 1, 1)
[2025-05-09 11:53:29,851] [app.CapabilityManager.INFO] INFO - putCapability returned False
[2025-05-09 11:53:29,851] [app.core_app.INFO] INFO - core_sub2app: appReg 发送响应: {'tid': 2, 'result': 0}
[2025-05-09 11:53:29,851] [app.core_app.INFO] INFO - [core_sub2app] 收到已解析消息 (count 16), mid: 12
[2025-05-09 11:53:29,851] [app.core_app.INFO] INFO - core_sub2app: 处理 boardCastSub
[2025-05-09 11:59:24,987] [app.main.INFO] INFO - 
检测到 KeyboardInterrupt，开始关闭程序...
[2025-05-09 11:59:24,988] [app.main.INFO] INFO - 开始关闭程序资源...
[2025-05-09 11:59:24,988] [app.main.INFO] INFO - 正在关闭日志系统...
