[2025-04-17 19:45:30,814] INFO - [2025-04-17 19:45:30,814] INFO - [core_sub2app] 线程启动，等待消息...
[2025-04-17 19:45:36,012] INFO - [2025-04-17 19:45:36,012] INFO - 调用 putCapability(<module.CapabilityManager.CapabilityManager object at 0x7f5fa7faf1a0>, 0, 1, 1, 1)
[2025-04-17 19:45:36,012] INFO - [2025-04-17 19:45:36,012] INFO - putCapability 返回 True
[2025-04-17 19:45:36,012] INFO - [2025-04-17 19:45:36,012] INFO - Adding capability (0, 1, 1, 1)
[2025-04-17 19:45:47,676] INFO - [2025-04-17 19:45:47,676] INFO - [proxy_send] 代理启动，等待消息...
[2025-04-17 19:45:47,677] INFO - [2025-04-17 19:45:47,677] INFO - [proxy_recv] 代理启动，等待消息...
[2025-04-17 19:45:47,677] INFO - [2025-04-17 19:45:47,677] INFO - [pub2obu_loop] 启动，等待消息发送到 OBU...
[2025-04-17 19:45:47,677] INFO - [2025-04-17 19:45:47,677] INFO - [core_sub2app] 线程启动，等待消息...
[2025-04-17 19:45:47,678] INFO - [2025-04-17 19:45:47,678] INFO - [core_sub2obu] 线程启动，等待消息...
[2025-04-17 19:45:47,678] INFO - [2025-04-17 19:45:47,678] INFO - [Main] 所有线程已启动，等待消息...
[2025-04-17 19:46:07,512] INFO - [2025-04-17 19:46:07,512] INFO - [DEBUG] 收到原始消息: {"mid": 1, "app_id": 0, "tid": 1, "msg": {"capId": 1, "capVersion": 1, "capConfig": 1, "act": 1}}
[2025-04-17 19:46:07,512] INFO - [2025-04-17 19:46:07,512] INFO - [Core] 收到消息 0
[2025-04-17 19:46:07,512] INFO - [2025-04-17 19:46:07,512] INFO - 调用 putCapability(<module.CapabilityManager.CapabilityManager object at 0x7ff5a76c02c0>, 0, 1, 1, 1)
[2025-04-17 19:46:07,513] INFO - [2025-04-17 19:46:07,513] INFO - Adding capability (0, 1, 1, 1)
[2025-04-17 19:46:07,513] INFO - [2025-04-17 19:46:07,513] INFO - putCapability 返回 True
[2025-04-20 14:54:49,857] INFO - [2025-04-20 14:54:49,857] INFO - [proxy_send] 代理启动，等待消息...
[2025-04-20 14:54:49,857] INFO - [2025-04-20 14:54:49,857] INFO - [proxy_recv] 代理启动，等待消息...
[2025-04-20 14:54:49,858] INFO - [2025-04-20 14:54:49,858] INFO - [pub2obu_loop] 启动，等待消息发送到 OBU...
[2025-04-20 14:54:49,858] INFO - [2025-04-20 14:54:49,858] INFO - [core_sub2app] 线程启动，等待消息...
[2025-04-20 14:54:49,858] INFO - [2025-04-20 14:54:49,858] INFO - [core_sub2obu] 线程启动，等待消息...
[2025-04-20 14:54:49,859] INFO - [2025-04-20 14:54:49,859] INFO - [Main] 所有线程已启动，等待消息...
[2025-04-20 14:55:18,981] INFO - [2025-04-20 14:55:18,981] INFO - [DEBUG] 收到原始消息: {"mid": 1, "app_id": 0, "tid": 1, "msg": {"capId": 111, "capVersion": 11, "capConfig": 321, "act": 0}}
[2025-04-20 14:55:18,981] INFO - [2025-04-20 14:55:18,981] INFO - [Core] 收到消息 0
[2025-04-20 14:55:48,178] INFO - [2025-04-20 14:55:48,178] INFO - [DEBUG] 收到原始消息: {"mid": 1, "app_id": 0, "tid": 1, "msg": {"capId": 11, "capVersion": 11, "capConfig": 321, "act": 1}}
[2025-04-20 14:55:48,178] INFO - [2025-04-20 14:55:48,178] INFO - [Core] 收到消息 1
[2025-04-20 14:55:48,179] INFO - [2025-04-20 14:55:48,179] INFO - 调用 putCapability(<module.CapabilityManager.CapabilityManager object at 0x7f2480f78350>, 0, 11, 11, 321)
[2025-04-20 14:55:48,179] INFO - [2025-04-20 14:55:48,179] INFO - putCapability 返回 True
[2025-04-20 14:55:48,179] INFO - [2025-04-20 14:55:48,179] INFO - Adding capability (0, 11, 11, 321)
[2025-04-20 15:02:45,671] INFO - [2025-04-20 15:02:45,671] INFO - [DEBUG] 收到原始消息: {"mid": 1, "app_id": 0, "tid": 2, "msg": {"capId": 11, "capVersion": 11, "capConfig": 321, "act": 2}}
[2025-04-20 15:02:45,672] INFO - [2025-04-20 15:02:45,672] INFO - [Core] 收到消息 2
[2025-04-20 15:04:11,153] INFO - [2025-04-20 15:04:11,153] INFO - [proxy_send] 代理启动，等待消息...
[2025-04-20 15:04:11,154] INFO - [2025-04-20 15:04:11,154] INFO - [core_sub2app] 线程启动，等待消息...
[2025-04-20 15:04:11,153] INFO - [2025-04-20 15:04:11,153] INFO - [pub2obu_loop] 启动，等待消息发送到 OBU...
[2025-04-20 15:04:11,154] INFO - [2025-04-20 15:04:11,154] INFO - [core_sub2app] 线程启动，等待消息...
[2025-04-20 15:04:11,153] INFO - [2025-04-20 15:04:11,153] INFO - [pub2obu_loop] 启动，等待消息发送到 OBU...
[2025-04-20 15:04:11,154] INFO - [2025-04-20 15:04:11,154] INFO - [proxy_recv] 代理启动，等待消息...
[2025-04-20 15:04:11,154] INFO - [2025-04-20 15:04:11,154] INFO - [proxy_recv] 代理启动，等待消息...
[2025-04-20 15:04:11,154] INFO - [2025-04-20 15:04:11,154] INFO - [proxy_recv] 代理启动，等待消息...
[2025-04-20 15:04:11,155] INFO - [2025-04-20 15:04:11,155] INFO - [core_sub2obu] 线程启动，等待消息...
[2025-04-20 15:04:11,155] INFO - [2025-04-20 15:04:11,155] INFO - [core_sub2obu] 线程启动，等待消息...
[2025-04-20 15:04:11,155] INFO - [2025-04-20 15:04:11,155] INFO - [Main] 所有线程已启动，等待消息...
[2025-04-20 15:04:11,155] INFO - [2025-04-20 15:04:11,155] INFO - [core_sub2obu] 线程启动，等待消息...
[2025-04-20 15:04:11,155] INFO - [2025-04-20 15:04:11,155] INFO - [Main] 所有线程已启动，等待消息...
[2025-04-20 15:04:18,748] INFO - [2025-04-20 15:04:18,748] INFO - [DEBUG] 收到原始消息: {"mid": 1, "app_id": 0, "tid": 1, "msg": {"capId": 11, "capVersion": 11, "capConfig": 321, "act": 1}}
[2025-04-20 15:04:18,748] INFO - [2025-04-20 15:04:18,748] INFO - [DEBUG] 收到原始消息: {"mid": 1, "app_id": 0, "tid": 1, "msg": {"capId": 11, "capVersion": 11, "capConfig": 321, "act": 1}}
[2025-04-20 15:04:18,748] INFO - [2025-04-20 15:04:18,748] INFO - [DEBUG] 收到原始消息: {"mid": 1, "app_id": 0, "tid": 1, "msg": {"capId": 11, "capVersion": 11, "capConfig": 321, "act": 1}}
[2025-04-20 15:04:18,749] INFO - [2025-04-20 15:04:18,749] INFO - 调用 putCapability(<module.CapabilityManager.CapabilityManager object at 0x7fe9ce4143b0>, 0, 11, 11, 321)
[2025-04-20 15:04:18,748] INFO - [2025-04-20 15:04:18,748] INFO - [Core] 收到消息 0
[2025-04-20 15:04:18,748] INFO - [2025-04-20 15:04:18,748] INFO - [Core] 收到消息 0
[2025-04-20 15:04:18,748] INFO - [2025-04-20 15:04:18,748] INFO - [Core] 收到消息 0
[2025-04-20 15:04:18,749] INFO - [2025-04-20 15:04:18,749] INFO - Adding capability (0, 11, 11, 321)
[2025-04-20 15:04:18,749] INFO - [2025-04-20 15:04:18,749] INFO - putCapability 返回 True
[2025-04-20 15:04:18,748] INFO - [2025-04-20 15:04:18,748] INFO - [Core] 收到消息 0
[2025-04-20 15:04:18,749] INFO - [2025-04-20 15:04:18,749] INFO - putCapability 返回 True
[2025-04-20 15:04:29,619] INFO - [2025-04-20 15:04:29,619] INFO - [DEBUG] 收到原始消息: {"mid": 1, "app_id": 0, "tid": 2, "msg": {"capId": 11, "capVersion": 11, "capConfig": 321, "act": 2}}
[2025-04-20 15:04:29,619] INFO - [2025-04-20 15:04:29,619] INFO - [DEBUG] 收到原始消息: {"mid": 1, "app_id": 0, "tid": 2, "msg": {"capId": 11, "capVersion": 11, "capConfig": 321, "act": 2}}
[2025-04-20 15:04:29,619] INFO - [2025-04-20 15:04:29,619] INFO - [DEBUG] 收到原始消息: {"mid": 1, "app_id": 0, "tid": 2, "msg": {"capId": 11, "capVersion": 11, "capConfig": 321, "act": 2}}
[2025-04-20 15:04:29,619] INFO - [2025-04-20 15:04:29,619] INFO - [Core] 收到消息 1
[2025-04-20 15:04:29,619] INFO - [2025-04-20 15:04:29,619] INFO - [Core] 收到消息 1
[2025-04-20 15:04:29,619] INFO - [2025-04-20 15:04:29,619] INFO - [Core] 收到消息 1
[2025-04-20 15:04:29,619] INFO - [2025-04-20 15:04:29,619] INFO - 调用 deleteCapability(<module.CapabilityManager.CapabilityManager object at 0x7fe9ce4143b0>, 0, 11, 11, 321)
[2025-04-20 15:04:29,619] INFO - [2025-04-20 15:04:29,619] INFO - 调用 deleteCapability(<module.CapabilityManager.CapabilityManager object at 0x7fe9ce4143b0>, 0, 11, 11, 321)
[2025-04-20 15:04:29,619] INFO - [2025-04-20 15:04:29,619] INFO - deleteCapability 返回 True
[2025-04-20 15:08:38,587] INFO - [2025-04-20 15:08:38,587] INFO - [DEBUG] 收到原始消息: {"mid": 11, "app_id": 0, "tid": 1, "msg": {"oid": "京A12345", "topic": 12345, "coopMap": "3131313131313131313131313131313131313131313131313131313131313131313131", "coopMapType": 0}}
[2025-04-20 15:08:38,587] INFO - [2025-04-20 15:08:38,587] INFO - [DEBUG] 收到原始消息: {"mid": 11, "app_id": 0, "tid": 1, "msg": {"oid": "京A12345", "topic": 12345, "coopMap": "3131313131313131313131313131313131313131313131313131313131313131313131", "coopMapType": 0}}
[2025-04-20 15:08:38,588] INFO - [2025-04-20 15:08:38,588] INFO - [Core] 收到消息 2
[2025-04-20 15:08:38,587] INFO - [2025-04-20 15:08:38,587] INFO - [DEBUG] 收到原始消息: {"mid": 11, "app_id": 0, "tid": 1, "msg": {"oid": "京A12345", "topic": 12345, "coopMap": "3131313131313131313131313131313131313131313131313131313131313131313131", "coopMapType": 0}}
[2025-04-20 15:08:38,588] INFO - [2025-04-20 15:08:38,588] INFO - [Core] 收到消息 2
[2025-04-20 15:08:38,588] INFO - [2025-04-20 15:08:38,588] INFO - [Core] 收到消息 2
[2025-04-20 15:08:38,588] INFO - [2025-04-20 15:08:38,588] INFO - [pub2obu_loop] 发送消息: {'V': 0, 'RT': 0, 'Message Type': 3, 'Length': 0, 'SourceID': '', 'DestID': None, 'OP': 0, 'Topic': 12345, 'Payload': '000E000400000000000F004633313331333133313331333133313331333133313331333133313331333133313331333133313331333133313331333133313331333133313331333133313331333133313331000600040000000B', 'PayloadType': 2, 'PayloadLength': 180, 'EncodeMode': 1, 'SourceId': '京A12345', 'DestId': ''}
[2025-04-20 15:08:38,588] INFO - [2025-04-20 15:08:38,588] INFO - [pub2obu_loop] 发送消息: {'V': 0, 'RT': 0, 'Message Type': 3, 'Length': 0, 'SourceID': '', 'DestID': None, 'OP': 0, 'Topic': 12345, 'Payload': '000E000400000000000F004633313331333133313331333133313331333133313331333133313331333133313331333133313331333133313331333133313331333133313331333133313331333133313331000600040000000B', 'PayloadType': 2, 'PayloadLength': 180, 'EncodeMode': 1, 'SourceId': '京A12345', 'DestId': ''}
[2025-04-20 15:08:38,588] INFO - [2025-04-20 15:08:38,588] INFO - [pub2obu_loop] 发送消息: {'V': 0, 'RT': 0, 'Message Type': 3, 'Length': 0, 'SourceID': '', 'DestID': None, 'OP': 0, 'Topic': 12345, 'Payload': '000E000400000000000F004633313331333133313331333133313331333133313331333133313331333133313331333133313331333133313331333133313331333133313331333133313331333133313331000600040000000B', 'PayloadType': 2, 'PayloadLength': 180, 'EncodeMode': 1, 'SourceId': '京A12345', 'DestId': ''}
[2025-04-20 15:16:24,879] INFO - [2025-04-20 15:16:24,879] INFO - [DEBUG] 收到原始消息: {"mid": 12, "app_id": 0, "tid": 1, "msg": {"oid": "京A12345", "topic": 12345, "context": "ffffffffffffffffffffffffffffffff", "coopMap": "31313131313131313131313131313131303030303030303030303030303031313131313131313131313131", "coopMapType": 0, "bearCap": 0}}
[2025-04-20 15:16:24,879] INFO - [2025-04-20 15:16:24,879] INFO - [Core] 收到消息 3
[2025-04-20 15:16:24,880] INFO - [2025-04-20 15:16:24,880] INFO - 当前会话状态: {'ffffffffffffffffffffffffffffffff': {'12': {}}}
[2025-04-20 15:16:24,880] INFO - [2025-04-20 15:16:24,880] INFO - [pub2obu_loop] 发送消息: {'V': 0, 'RT': 0, 'Message Type': 2, 'Length': 0, 'SourceID': '', 'DestID': None, 'OP': 0, 'Topic': 12345, 'Payload': '000E000400000000000F00563331333133313331333133313331333133313331333133313331333133313331333033303330333033303330333033303330333033303330333033303331333133313331333133313331333133313331333133313331000D000400000000000C0010FFFFFFFFFFFFFFFFFFFFFFFFFFFFFFFF000600040000000C', 'PayloadType': 2, 'PayloadLength': 268, 'EncodeMode': 1, 'SourceId': '京A12345', 'DestId': ''}
[2025-04-20 15:24:07,393] INFO - [2025-04-20 15:24:07,393] INFO - [Core] 收到消息 0: {"Message_type":105,"data":"test1111111111111111111111111111111111111111111111111111111111111111111","sid":"4c5308e39de0d068abf66112917ef583","mid":105}
[2025-04-20 14:55:48,001] INFO - [Core] 收到消息 2
[2025-04-20 14:55:48,002] INFO - 更新映射: 设备 津A12345 支持能力 (1, 1, 1)
[2025-04-20 14:55:48,003] INFO - 映射表新增 key (1, 1, 1) → [津A12345]
[2025-04-20 14:55:48,004] INFO - 更新映射: 设备 津A12345 支持能力 (2, 2, 2)
[2025-04-20 14:55:48,004] INFO - 映射表新增 key (2, 2, 2) → [津A12345]

[2025-04-20 14:55:48,210] INFO - [Core] 收到消息 3
[2025-04-20 14:55:48,211] INFO - 更新映射: 设备 津A12345 支持能力 (2, 2, 2)
[2025-04-20 14:55:48,212] INFO - 清理旧映射: 从 key (1, 1, 1) 中移除设备 津A12345 → 剩余 []