[2025-05-08 15:33:11,514] [app.global_log.INFO] INFO - [proxy_send] 代理启动，等待消息...
[2025-05-08 15:33:11,515] [app.global_log.INFO] INFO - [proxy_recv] 代理启动，等待消息...
[2025-05-08 15:33:11,515] [app.global_log.INFO] INFO - [proxy_send] 代理启动，等待消息...
[2025-05-08 15:33:11,516] [app.global_log.INFO] INFO - [pub2obu_loop] 启动，等待消息发送到 OBU...
[2025-05-08 15:33:11,516] [app.global_log.INFO] INFO - [proxy_recv] 代理启动，等待消息...
[2025-05-08 15:33:11,517] [app.global_log.INFO] INFO - [core_sub2app] 线程启动，等待消息...
[2025-05-08 15:33:11,517] [app.global_log.INFO] INFO - [pub2obu_loop] 启动，等待消息发送到 OBU...
[2025-05-08 15:33:11,517] [app.global_log.INFO] INFO - [core_sub2obu] 线程启动，等待消息...
[2025-05-08 15:33:11,517] [app.global_log.INFO] INFO - [Main] 所有线程已启动，等待消息...
[2025-05-08 15:33:11,517] [app.global_log.INFO] INFO - [core_sub2app] 线程启动，等待消息...
[2025-05-08 15:36:38,040] [app.global_log.INFO] INFO - [proxy_send] 代理启动，等待消息...
[2025-05-08 15:36:38,040] [app.global_log.INFO] INFO - [proxy_recv] 代理启动，等待消息...
[2025-05-08 15:36:38,041] [app.global_log.INFO] INFO - [pub2obu_loop] 启动，等待消息发送到 OBU...
[2025-05-08 15:36:38,042] [app.global_log.INFO] INFO - [proxy_send] 代理启动，等待消息...
[2025-05-08 15:36:38,042] [app.global_log.INFO] INFO - [proxy_recv] 代理启动，等待消息...
[2025-05-08 15:36:38,042] [app.global_log.INFO] INFO - [core_sub2app] 线程启动，等待消息...
[2025-05-08 15:36:38,042] [app.global_log.INFO] INFO - [pub2obu_loop] 启动，等待消息发送到 OBU...
[2025-05-08 15:36:38,042] [app.global_log.INFO] INFO - [core_sub2obu] 线程启动，等待消息...
[2025-05-08 15:36:38,042] [app.global_log.INFO] INFO - [Main] 所有线程已启动，等待消息...
[2025-05-08 15:36:38,042] [app.global_log.INFO] INFO - [core_sub2app] 线程启动，等待消息...
[2025-05-08 15:37:06,582] [app.global_log.INFO] INFO - [proxy_send] 代理启动，等待消息...
[2025-05-08 15:37:06,582] [app.global_log.INFO] INFO - [proxy_send] 代理启动，等待消息...
[2025-05-08 15:37:06,583] [app.global_log.INFO] INFO - [proxy_recv] 代理启动，等待消息...
[2025-05-08 15:37:06,583] [app.global_log.INFO] INFO - [pub2obu_loop] 启动，等待消息发送到 OBU...
[2025-05-08 15:37:06,583] [app.global_log.INFO] INFO - [proxy_recv] 代理启动，等待消息...
[2025-05-08 15:37:06,584] [app.global_log.INFO] INFO - [pub2obu_loop] 启动，等待消息发送到 OBU...
[2025-05-08 15:37:06,584] [app.global_log.INFO] INFO - [core_sub2app] 线程启动，等待消息...
[2025-05-08 15:37:06,585] [app.global_log.INFO] INFO - [core_sub2obu] 线程启动，等待消息...
[2025-05-08 15:37:06,585] [app.global_log.INFO] INFO - [core_sub2app] 线程启动，等待消息...
[2025-05-08 15:37:06,585] [app.global_log.INFO] INFO - [Main] 所有线程已启动，等待消息...
[2025-05-08 17:16:10,381] [app.global_log.INFO] INFO - [proxy_send] 代理启动，等待消息...
[2025-05-08 17:16:10,381] [app.global_log.INFO] INFO - [proxy_recv] 代理启动，等待消息...
[2025-05-08 17:16:10,382] [app.global_log.INFO] INFO - [proxy_send] 代理启动，等待消息...
[2025-05-08 17:16:10,382] [app.global_log.INFO] INFO - [proxy_recv] 代理启动，等待消息...
[2025-05-08 17:16:10,383] [app.global_log.INFO] INFO - [pub2obu_loop] 启动，等待消息发送到 OBU...
[2025-05-08 17:16:10,383] [app.global_log.INFO] INFO - [pub2obu_loop] 启动，等待消息发送到 OBU...
[2025-05-08 17:16:10,383] [app.global_log.INFO] INFO - [core_sub2app] 线程启动，等待消息...
[2025-05-08 17:16:10,383] [app.global_log.INFO] INFO - [core_sub2app] 线程启动，等待消息...
[2025-05-08 17:16:10,383] [app.global_log.INFO] INFO - [core_sub2obu] 线程启动，等待消息...
[2025-05-08 17:16:10,384] [app.global_log.INFO] INFO - [Main] 所有线程已启动，等待消息...
